#-----------------------------------------------------------
# Webtalk v2018.2 (64-bit)
# SW Build 2258646 on Thu Jun 14 20:03:12 MDT 2018
# 
# Start of session at: Tue Oct 30 13:25:39 2018
# Process ID: 12628
# Current directory: H:/GIT_REPO/LINUX_PE1_sdk/webtalk
# Command line: wbtcv.exe -mode batch -source sdk_webtalk.tcl
# Log file: H:/GIT_REPO/LINUX_PE1_sdk/webtalk/webtalk.log
# Journal file: H:/GIT_REPO/LINUX_PE1_sdk/webtalk\webtalk.jou
#-----------------------------------------------------------
source sdk_webtalk.tcl
# webtalk_init -webtalk_dir H:\\GIT_REPO\\LINUX_PE1_sdk\\webtalk
# webtalk_register_client -client project
# webtalk_add_data -client project -key date_generated -value "2018-10-30 13:25:32" -context "software_version_and_target_device"
# webtalk_add_data -client project -key product_version -value "SDK v2018.2" -context "software_version_and_target_device"
# webtalk_add_data -client project -key build_version -value "2018.2" -context "software_version_and_target_device"
# webtalk_add_data -client project -key os_platform -value "amd64" -context "software_version_and_target_device"
# webtalk_add_data -client project -key registration_id -value "" -context "software_version_and_target_device"
# webtalk_add_data -client project -key tool_flow -value "SDK" -context "software_version_and_target_device"
# webtalk_add_data -client project -key beta -value "false" -context "software_version_and_target_device"
# webtalk_add_data -client project -key route_design -value "NA" -context "software_version_and_target_device"
# webtalk_add_data -client project -key target_family -value "NA" -context "software_version_and_target_device"
# webtalk_add_data -client project -key target_device -value "NA" -context "software_version_and_target_device"
# webtalk_add_data -client project -key target_package -value "NA" -context "software_version_and_target_device"
# webtalk_add_data -client project -key target_speed -value "NA" -context "software_version_and_target_device"
# webtalk_add_data -client project -key random_id -value "9hmr6g7lkl71ut9b59umm4orm" -context "software_version_and_target_device"
# webtalk_add_data -client project -key project_id -value "2018.2_1" -context "software_version_and_target_device"
# webtalk_add_data -client project -key project_iteration -value "1" -context "software_version_and_target_device"
# webtalk_add_data -client project -key os_name -value "Microsoft Windows 8 or later , 64-bit" -context "user_environment"
# webtalk_add_data -client project -key os_release -value "major release  (build 9200)" -context "user_environment"
# webtalk_add_data -client project -key cpu_name -value "Intel(R) Core(TM) i7-7700HQ CPU @ 2.80GHz" -context "user_environment"
# webtalk_add_data -client project -key cpu_speed -value "2808 MHz" -context "user_environment"
# webtalk_add_data -client project -key total_processors -value "1" -context "user_environment"
# webtalk_add_data -client project -key system_ram -value "16.800 GB" -context "user_environment"
# webtalk_register_client -client sdk
# webtalk_add_data -client sdk -key uid -value "1540883729115" -context "sdk\\\\bsp/1540883729115"
# webtalk_add_data -client sdk -key hwid -value "1540883609298" -context "sdk\\\\bsp/1540883729115"
# webtalk_add_data -client sdk -key os -value "device_tree" -context "sdk\\\\bsp/1540883729115"
# webtalk_add_data -client sdk -key apptemplate -value "null" -context "sdk\\\\bsp/1540883729115"
# webtalk_add_data -client sdk -key RecordType -value "BSPCreation" -context "sdk\\\\bsp/1540883729115"
# webtalk_add_data -client sdk -key uid -value "NA" -context "sdk\\\\bsp/1540902332463"
# webtalk_add_data -client sdk -key RecordType -value "ToolUsage" -context "sdk\\\\bsp/1540902332463"
# webtalk_add_data -client sdk -key BootgenCount -value "0" -context "sdk\\\\bsp/1540902332463"
# webtalk_add_data -client sdk -key DebugCount -value "0" -context "sdk\\\\bsp/1540902332463"
# webtalk_add_data -client sdk -key PerfCount -value "0" -context "sdk\\\\bsp/1540902332463"
# webtalk_add_data -client sdk -key FlashCount -value "0" -context "sdk\\\\bsp/1540902332463"
# webtalk_add_data -client sdk -key CrossTriggCount -value "0" -context "sdk\\\\bsp/1540902332463"
# webtalk_add_data -client sdk -key QemuDebugCount -value "0" -context "sdk\\\\bsp/1540902332463"
# webtalk_transmit -clientid 3540693417 -regid "" -xml H:\\GIT_REPO\\LINUX_PE1_sdk\\webtalk\\usage_statistics_ext_sdk.xml -html H:\\GIT_REPO\\LINUX_PE1_sdk\\webtalk\\usage_statistics_ext_sdk.html -wdm H:\\GIT_REPO\\LINUX_PE1_sdk\\webtalk\\sdk_webtalk.wdm -intro "<H3>SDK Usage Report</H3><BR>"
INFO: [Common 17-186] 'H:\GIT_REPO\LINUX_PE1_sdk\webtalk\usage_statistics_ext_sdk.xml' has been successfully sent to Xilinx on Tue Oct 30 13:25:47 2018. For additional details about this file, please refer to the WebTalk help file at D:/Xilinx/SDK/2018.2/doc/webtalk_introduction.html.
webtalk_transmit: Time (s): cpu = 00:00:00 ; elapsed = 00:00:09 . Memory (MB): peak = 55.594 ; gain = 0.148
# webtalk_terminate
INFO: [Common 17-206] Exiting Webtalk at Tue Oct 30 13:25:47 2018...
