08:11:06 INFO  : Registering command handlers for SDK TCF services
08:11:08 INFO  : Launching XSCT server: xsct.bat -interactive H:\GIT_REPO\LINUX_PE1_sdk\temp_xsdb_launch_script.tcl
08:11:20 INFO  : XSCT server has started successfully.
08:11:20 INFO  : Successfully done setting XSCT server connection channel  
08:11:31 INFO  : Successfully done setting SDK workspace  
08:13:29 INFO  : Project 'HW___ZX1_Base_3_PE1' created. You can now create BSPs and application projects targeting this hardware platform.
08:14:25 INFO  : Saving repository preferences.
08:14:25 INFO  : Reading in cores from global repositories: 
		 H:\GIT_REPO\DTG
08:14:25 INFO  : Cleaning BSP projects in the workspace.
08:14:45 INFO  : Registering command handlers for SDK TCF services
08:14:46 INFO  : Launching XSCT server: xsct.bat -interactive H:\GIT_REPO\LINUX_PE1_sdk\temp_xsdb_launch_script.tcl
08:14:49 INFO  : XSCT server has started successfully.
08:14:49 INFO  : Successfully done setting XSCT server connection channel  
08:14:49 INFO  : Successfully done setting SDK workspace  
08:14:49 INFO  : Restoring global repository preferences: 
		 H:\GIT_REPO\DTG
13:52:28 INFO  : Registering command handlers for SDK TCF services
13:52:30 INFO  : Launching XSCT server: xsct.bat -interactive H:\GIT_REPO\LINUX_PE1_sdk\temp_xsdb_launch_script.tcl
13:52:36 INFO  : XSCT server has started successfully.
13:52:48 INFO  : Successfully done setting XSCT server connection channel  
13:52:48 INFO  : Successfully done setting SDK workspace  
13:52:48 INFO  : Restoring global repository preferences: 
		 H:\GIT_REPO\DTG
13:53:03 INFO  : BSP Project P/SW_BSP__device_tree_bsp_0 has been successfully migrated.
12:24:28 INFO  : Registering command handlers for SDK TCF services
12:24:30 INFO  : Launching XSCT server: xsct.bat -interactive H:\GIT_REPO\LINUX_PE1_sdk\temp_xsdb_launch_script.tcl
12:24:35 INFO  : XSCT server has started successfully.
12:24:47 INFO  : Successfully done setting XSCT server connection channel  
12:24:47 INFO  : Successfully done setting SDK workspace  
12:24:47 INFO  : Restoring global repository preferences: 
		 H:\GIT_REPO\DTG
12:25:02 INFO  : BSP Project P/SW_BSP__device_tree_bsp_0 has been successfully migrated.
14:24:03 INFO  : SDK has detected change in the last modified timestamps for source hardware specification file Source:1540988469000,  Project:1540280017000
14:24:03 INFO  : Project HW___ZX1_Base_3_PE1's source hardware specification located at M:\ZX1_BASE_3_PE1.sdk\system_top.hdf is now different from the local copy.
		 The local copy will be replaced with the source specification and your workspace will be updated.
14:24:09 INFO  : Copied contents of M:\ZX1_BASE_3_PE1.sdk\system_top.hdf into \HW___ZX1_Base_3_PE1\system.hdf.
14:24:15 INFO  : Synchronizing projects in the workspace with the hardware platform specification changes.
14:24:18 INFO  : 
14:24:18 INFO  : Clearing existing target manager status.
14:24:36 INFO  : Project 'HW__ZX1_Base_3_PE1_02' created. You can now create BSPs and application projects targeting this hardware platform.
11:40:05 INFO  : SDK has detected change in the last modified timestamps for source hardware specification file Source:1541414326000,  Project:1540988469000
11:40:05 INFO  : Project HW__ZX1_Base_3_PE1_02's source hardware specification located at M:\ZX1_BASE_3_PE1.sdk\system_top.hdf is now different from the local copy.
		 The local copy will be replaced with the source specification and your workspace will be updated.
11:40:07 INFO  : Copied contents of M:\ZX1_BASE_3_PE1.sdk\system_top.hdf into \HW__ZX1_Base_3_PE1_02\system.hdf.
11:40:14 INFO  : Synchronizing projects in the workspace with the hardware platform specification changes.
11:40:19 INFO  : 
11:40:19 INFO  : Clearing existing target manager status.
11:40:19 INFO  : Closing and re-opening the MSS file of ther project SW_BSP_device_tree_bsp_1
11:40:20 INFO  : Closing and re-opening the MSS file of ther project SW_BSP_device_tree_bsp_1
11:40:21 INFO  : Closing and re-opening the MSS file of ther project SW_BSP_device_tree_bsp_1
11:40:21 INFO  : Closing and re-opening the MSS file of ther project SW_BSP_device_tree_bsp_1
11:40:21 INFO  : Closing and re-opening the MSS file of ther project SW_BSP_device_tree_bsp_1
11:40:21 INFO  : Workspace synchronized with the new hardware specification file. Cleaning dependent projects...
11:40:22 WARN  : Linker script will not be updated automatically. Users need to update it manually.
11:40:22 INFO  : SDK has detected change in the last modified timestamps for source hardware specification file Source:1541414326000,  Project:1540988469000
11:40:22 INFO  : Project HW___ZX1_Base_3_PE1's source hardware specification located at M:\ZX1_BASE_3_PE1.sdk\system_top.hdf is now different from the local copy.
		 The local copy will be replaced with the source specification and your workspace will be updated.
11:40:27 INFO  : Copied contents of M:\ZX1_BASE_3_PE1.sdk\system_top.hdf into \HW___ZX1_Base_3_PE1\system.hdf.
11:40:31 INFO  : Synchronizing projects in the workspace with the hardware platform specification changes.
11:40:35 INFO  : 
11:40:35 INFO  : Clearing existing target manager status.
11:56:50 INFO  : Invoking Bootgen: bootgen -image PDCPU_ZX1_BOOT_bin.bif -arch zynq -o H:\GIT_REPO\LINUX_PE1_sdk\BOOTBIN\BOOT.bin
11:56:50 INFO  : Creating new bif file H:\GIT_REPO\LINUX_PE1_sdk\BOOTBIN\PDCPU_ZX1_BOOT_bin.bif
11:56:56 INFO  : Bootgen command execution is done.
12:25:29 INFO  : Invoking Bootgen: bootgen -image vjerbic_boot.bif -arch zynq -o H:\GIT_REPO\SDCARD\out_20181031072135_Zynq-7000_Mercury_ZX1_Mercury_PE1_MMC_binCustom\vjerbic_BOOT.bin
12:25:30 INFO  : Creating new bif file H:\GIT_REPO\SDCARD\out_20181031072135_Zynq-7000_Mercury_ZX1_Mercury_PE1_MMC_binCustom\vjerbic_boot.bif
12:25:33 INFO  : Bootgen command execution is done.
08:51:55 INFO  : Registering command handlers for SDK TCF services
08:51:57 INFO  : Launching XSCT server: xsct.bat -interactive H:\GIT_REPO\LINUX_PE1_sdk\temp_xsdb_launch_script.tcl
08:52:03 INFO  : XSCT server has started successfully.
08:52:15 INFO  : Successfully done setting XSCT server connection channel  
08:52:15 INFO  : Successfully done setting SDK workspace  
08:52:15 INFO  : Restoring global repository preferences: 
		 H:\GIT_REPO\DTG
08:52:26 INFO  : SDK has detected change in the last modified timestamps for source hardware specification file Source:1541489478279,  Project:1541414326000
08:52:26 INFO  : Project HW__ZX1_Base_3_PE1_02's source hardware specification located at M:\ZX1_BASE_3_PE1.sdk\system_top.hdf is now different from the local copy.
		 The local copy will be replaced with the source specification and your workspace will be updated.
08:52:30 INFO  : BSP Project P/SW_BSP_device_tree_bsp_1 has been successfully migrated.
08:52:49 INFO  : Copied contents of M:\ZX1_BASE_3_PE1.sdk\system_top.hdf into \HW__ZX1_Base_3_PE1_02\system.hdf.
08:52:54 INFO  : Synchronizing projects in the workspace with the hardware platform specification changes.
08:52:58 INFO  : 
08:52:59 INFO  : Clearing existing target manager status.
08:53:06 INFO  : SDK has detected change in the last modified timestamps for source hardware specification file Source:1541489478279,  Project:1541414326000
08:53:06 INFO  : Project HW___ZX1_Base_3_PE1's source hardware specification located at M:\ZX1_BASE_3_PE1.sdk\system_top.hdf is now different from the local copy.
		 The local copy will be replaced with the source specification and your workspace will be updated.
08:53:07 INFO  : Copied contents of M:\ZX1_BASE_3_PE1.sdk\system_top.hdf into \HW___ZX1_Base_3_PE1\system.hdf.
08:53:13 INFO  : Synchronizing projects in the workspace with the hardware platform specification changes.
08:53:13 INFO  : Clearing existing target manager status.
08:53:13 INFO  : Workspace synchronized with the new hardware specification file. Cleaning dependent projects...
08:53:13 WARN  : Linker script will not be updated automatically. Users need to update it manually.
08:53:51 INFO  : Invoking Bootgen: bootgen -image PDCPU_ZX1_BOOT_bin.bif -arch zynq -o H:\GIT_REPO\LINUX_PE1_sdk\BOOTBIN\BOOT.bin -w on
08:53:55 INFO  : Bootgen command execution is done.
10:18:00 ERROR : Failed to connect to hardware server on host '192.168.50.178' and port '3121'.
Reason: No connection could be made because the target machine actively refused it
14:45:08 INFO  : Connected to target on host '127.0.0.1' and port '3121'.
15:04:19 INFO  : Registering command handlers for SDK TCF services
15:04:21 INFO  : Launching XSCT server: xsct.bat -interactive H:\GIT_REPO\LINUX_PE1_sdk\temp_xsdb_launch_script.tcl
15:04:29 INFO  : XSCT server has started successfully.
15:04:29 INFO  : Successfully done setting XSCT server connection channel  
15:04:41 INFO  : Successfully done setting SDK workspace  
15:04:41 INFO  : Restoring global repository preferences: 
		 H:\GIT_REPO\DTG
15:04:56 INFO  : BSP Project P/SW_BSP_device_tree_bsp_1 has been successfully migrated.
15:11:40 INFO  : Registering command handlers for SDK TCF services
15:11:42 INFO  : Launching XSCT server: xsct.bat -interactive H:\GIT_REPO\LINUX_PE1_sdk\temp_xsdb_launch_script.tcl
15:11:46 INFO  : XSCT server has started successfully.
15:11:46 INFO  : Successfully done setting XSCT server connection channel  
15:11:46 INFO  : Successfully done setting SDK workspace  
15:11:46 INFO  : Restoring global repository preferences: 
		 H:\GIT_REPO\DTG
15:11:53 INFO  : BSP Project P/SW_BSP_device_tree_bsp_1 has been successfully migrated.
15:12:16 INFO  : Connected to target on host '127.0.0.1' and port '3121'.
15:12:23 INFO  : Connected to target on host '127.0.0.1' and port '3121'.
15:12:44 INFO  : Connected to target on host '127.0.0.1' and port '3121'.
15:21:06 INFO  : Registering command handlers for SDK TCF services
15:21:07 INFO  : Launching XSCT server: xsct.bat -interactive H:\GIT_REPO\LINUX_PE1_sdk\temp_xsdb_launch_script.tcl
15:21:10 INFO  : XSCT server has started successfully.
15:21:10 INFO  : Successfully done setting XSCT server connection channel  
15:21:10 INFO  : Successfully done setting SDK workspace  
15:21:10 INFO  : Restoring global repository preferences: 
		 H:\GIT_REPO\DTG
15:21:17 INFO  : BSP Project P/SW_BSP_device_tree_bsp_1 has been successfully migrated.
14:26:21 INFO  : Registering command handlers for SDK TCF services
14:26:23 INFO  : Launching XSCT server: xsct.bat -interactive H:\GIT_REPO\LINUX_PE1_sdk\temp_xsdb_launch_script.tcl
14:26:29 INFO  : XSCT server has started successfully.
14:26:54 INFO  : Successfully done setting XSCT server connection channel  
14:26:54 INFO  : Successfully done setting SDK workspace  
14:26:54 INFO  : Restoring global repository preferences: 
		 H:\GIT_REPO\DTG
14:27:12 INFO  : BSP Project P/SW_BSP_device_tree_bsp_1 has been successfully migrated.
12:47:32 INFO  : Registering command handlers for SDK TCF services
12:47:35 INFO  : Launching XSCT server: xsct.bat -interactive H:\GIT_REPO\LINUX_PE1_sdk\temp_xsdb_launch_script.tcl
12:47:40 INFO  : XSCT server has started successfully.
12:47:53 INFO  : Successfully done setting XSCT server connection channel  
12:47:53 INFO  : Successfully done setting SDK workspace  
12:47:53 INFO  : Restoring global repository preferences: 
		 H:\GIT_REPO\DTG
12:48:12 INFO  : BSP Project P/SW_BSP_device_tree_bsp_1 has been successfully migrated.
14:05:05 INFO  : Registering command handlers for SDK TCF services
14:05:05 INFO  : Launching XSCT server: xsct.bat -interactive H:\GIT_REPO\LINUX_PE1_sdk\temp_xsdb_launch_script.tcl
14:05:08 INFO  : XSCT server has started successfully.
14:05:08 INFO  : Successfully done setting XSCT server connection channel  
14:05:08 INFO  : Successfully done setting SDK workspace  
14:05:09 INFO  : Restoring global repository preferences: 
		 H:\GIT_REPO\DTG
14:05:16 INFO  : BSP Project P/SW_BSP_device_tree_bsp_1 has been successfully migrated.
15:25:18 INFO  : Registering command handlers for SDK TCF services
15:25:18 INFO  : Launching XSCT server: xsct.bat -interactive H:\GIT_REPO\LINUX_PE1_sdk\temp_xsdb_launch_script.tcl
15:25:21 INFO  : XSCT server has started successfully.
15:25:21 INFO  : Successfully done setting XSCT server connection channel  
15:25:22 INFO  : Successfully done setting SDK workspace  
15:25:22 INFO  : Restoring global repository preferences: 
		 H:\GIT_REPO\DTG
15:25:30 INFO  : BSP Project P/SW_BSP_device_tree_bsp_1 has been successfully migrated.
08:43:57 INFO  : Registering command handlers for SDK TCF services
08:43:57 INFO  : Launching XSCT server: xsct.bat -interactive H:\GIT_REPO\LINUX_PE1_sdk\temp_xsdb_launch_script.tcl
08:44:02 INFO  : XSCT server has started successfully.
08:44:02 INFO  : Successfully done setting XSCT server connection channel  
08:44:02 INFO  : Successfully done setting SDK workspace  
08:44:02 INFO  : Restoring global repository preferences: 
		 H:\GIT_REPO\DTG
08:44:07 INFO  : SDK has detected change in the last modified timestamps for source hardware specification file Source:1541489478000,  Project:1541489478279
08:44:07 INFO  : Project HW__ZX1_Base_3_PE1_02's source hardware specification located at M:\ZX1_BASE_3_PE1.sdk\system_top.hdf is now different from the local copy.
		 The local copy will be replaced with the source specification and your workspace will be updated.
08:44:09 INFO  : BSP Project P/SW_BSP_device_tree_bsp_1 has been successfully migrated.
08:45:57 INFO  : Copied contents of M:\ZX1_BASE_3_PE1.sdk\system_top.hdf into \HW__ZX1_Base_3_PE1_02\system.hdf.
08:46:02 INFO  : Synchronizing projects in the workspace with the hardware platform specification changes.
08:46:13 INFO  : 
08:46:13 INFO  : Clearing existing target manager status.
08:48:53 INFO  : Invoking Bootgen: bootgen -image PDCPU_ZX1_BOOT_bin.bif -arch zynq -o H:\GIT_REPO\LINUX_PE1_sdk\BOOTBIN\BOOT.bin -w on
08:48:57 INFO  : Bootgen command execution is done.
